<?xml version="1.0" encoding="UTF-8"?>
<!-- Generated by org.testng.reporters.JUnitXMLReporter -->
<testsuite hostname="manishrashmipc" ignored="0" name="Admin Tests" tests="2" failures="1" timestamp="23 Feb 2020 12:44:45 GMT" time="0.377" errors="0">
  <testcase name="@BeforeClass initializeTestBaseSetup" time="0.0" classname="com.qa.base.TestBase">
    <failure type="org.testng.TestNGException" message="
Can inject only one of &amp;lt;ITestContext, XmlTest&amp;gt; into a @BeforeClass annotated initializeTestBaseSetup.
For more information on native dependency injection please refer to http://testng.org/doc/documentation-main.html#native-dependency-injection">
      <![CDATA[org.testng.TestNGException: 
Can inject only one of <ITestContext, XmlTest> into a @BeforeClass annotated initializeTestBaseSetup.
For more information on native dependency injection please refer to http://testng.org/doc/documentation-main.html#native-dependency-injection
... Removed 23 stack frames]]>
    </failure>
  </testcase> <!-- @BeforeClass initializeTestBaseSetup -->
  <testcase name="@BeforeClass setUp" time="0.0" classname="com.qa.tests.BasePageTest">
    <skipped/>
  </testcase> <!-- @BeforeClass setUp -->
  <testcase name="baseTest1" time="0.0" classname="com.qa.tests.BasePageTest">
    <skipped/>
  </testcase> <!-- baseTest1 -->
  <testcase name="baseTest1" time="0.324" classname="com.qa.tests.BasePageTest">
    <failure type="java.lang.NullPointerException">
      <![CDATA[java.lang.NullPointerException
at com.qa.base.TestListener.onTestSkipped(TestListener.java:53)
... Removed 23 stack frames]]>
    </failure>
  </testcase> <!-- baseTest1 -->
</testsuite> <!-- Admin Tests -->
